<?xml version="1.0" encoding="UTF-8"?>
<testsuite name="com.example.demo.TaxmanTests" tests="1" skipped="0" failures="0" errors="0" timestamp="2019-11-18T20:51:32" hostname="xpvinz" time="0.134">
  <properties/>
  <testcase name="test" classname="com.example.demo.TaxmanTests" time="0.134"/>
  <system-out><![CDATA[]]></system-out>
  <system-err><![CDATA[]]></system-err>
</testsuite>
